<?xml version="1.0" encoding="UTF-8"?>
<testng-results skipped="7" failed="0" total="7" passed="0">
  <reporter-output>
  </reporter-output>
  <suite name="LessonFive_Rozetka" duration-ms="153119" started-at="2015-01-10T19:21:56Z" finished-at="2015-01-10T19:24:29Z">
    <groups>
    </groups>
    <test name="Search" duration-ms="52494" started-at="2015-01-10T19:21:56Z" finished-at="2015-01-10T19:22:48Z">
      <class name="ua.com.rozetka.tests.Search">
        <test-method status="FAIL" signature="setUpBrowser(java.lang.String, java.lang.String, java.lang.String, java.lang.String)[pri:0, instance:ua.com.rozetka.tests.Search@376f2723]" name="setUpBrowser" is-config="true" duration-ms="0" started-at="2015-01-11T00:51:56Z" finished-at="2015-01-11T00:51:56Z">
          <params>
            <param index="0">
              <value>
                <![CDATA[firefox]]>
              </value>
            </param>
            <param index="1">
              <value>
                <![CDATA[1]]>
              </value>
            </param>
            <param index="2">
              <value>
                <![CDATA[20]]>
              </value>
            </param>
            <param index="3">
              <value>
                <![CDATA[http://www.rozetka.com.ua]]>
              </value>
            </param>
          </params>
          <exception class="org.openqa.selenium.WebDriverException">
            <message>
              <![CDATA[Failed to connect to binary FirefoxBinary(C:\Program Files (x86)\Mozilla Firefox\firefox.exe) on port 7055; process output follows: 
s
1420917719587	DeferredSave.extensions.json	DEBUG	Save changes
1420917719588	addons.xpi	DEBUG	New add-on {972ce4c6-7e08-4474-a285-3208198ce6fd} installed in app-global
1420917719593	addons.xpi-utils	DEBUG	Make addon app-global:{972ce4c6-7e08-4474-a285-3208198ce6fd} visible
1420917719593	DeferredSave.extensions.json	DEBUG	Save changes
1420917719593	DeferredSave.extensions.json	DEBUG	Save changes
1420917719614	addons.xpi	DEBUG	Updating database with changes to installed add-ons
1420917719614	addons.xpi-utils	DEBUG	Updating add-on states
1420917719616	addons.xpi-utils	DEBUG	Writing add-ons list
1420917719627	addons.manager	DEBUG	Registering shutdown blocker for XPIProvider
1420917719628	addons.manager	DEBUG	Registering shutdown blocker for LightweightThemeManager
1420917719631	addons.manager	DEBUG	Registering shutdown blocker for OpenH264Provider
1420917719631	addons.manager	DEBUG	Registering shutdown blocker for PluginProvider
1420917721556	DeferredSave.extensions.json	DEBUG	Starting timer
1420917721616	DeferredSave.extensions.json	DEBUG	Starting write
1420917721800	addons.manager	DEBUG	shutdown
1420917721801	addons.manager	DEBUG	Calling shutdown blocker for XPIProvider
1420917721802	addons.xpi	DEBUG	shutdown
1420917721803	addons.xpi-utils	DEBUG	shutdown
1420917721804	addons.manager	DEBUG	Calling shutdown blocker for LightweightThemeManager
1420917721805	addons.manager	DEBUG	Calling shutdown blocker for OpenH264Provider
1420917721808	addons.manager	DEBUG	Calling shutdown blocker for PluginProvider
1420917722062	DeferredSave.extensions.json	DEBUG	Write succeeded
1420917722062	addons.xpi-utils	DEBUG	XPI Database saved, setting schema version preference to 16
1420917722063	addons.xpi	DEBUG	Notifying XPI shutdown observers
1420917722069	addons.manager	DEBUG	Async provider shutdown done
1420917723457	addons.manager	DEBUG	Loaded provider scope for resource://gre/modules/addons/XPIProvider.jsm: ["XPIProvider"]
1420917723462	addons.manager	DEBUG	Loaded provider scope for resource://gre/modules/LightweightThemeManager.jsm: ["LightweightThemeManager"]
1420917723476	addons.xpi	DEBUG	startup
1420917723479	addons.xpi	DEBUG	Skipping unavailable install location app-system-local
1420917723480	addons.xpi	DEBUG	Skipping unavailable install location app-system-share
1420917723484	addons.xpi	INFO	Mapping {972ce4c6-7e08-4474-a285-3208198ce6fd} to C:\Program Files (x86)\Mozilla Firefox\browser\extensions\{972ce4c6-7e08-4474-a285-3208198ce6fd}
1420917723489	addons.xpi	INFO	Mapping fxdriver@googlecode.com to C:\Users\Laasya\AppData\Local\Temp\anonymous8199362947020129337webdriver-profile\extensions\fxdriver@googlecode.com
1420917723489	addons.xpi	DEBUG	Ignoring file entry whose name is not a valid add-on ID: C:\Users\Laasya\AppData\Local\Temp\anonymous8199362947020129337webdriver-profile\extensions\webdriver-staging
1420917723490	addons.xpi	DEBUG	checkForChanges
1420917723533	addons.xpi	DEBUG	No changes found
1420917723549	addons.manager	DEBUG	Registering shutdown blocker for XPIProvider
1420917723550	addons.manager	DEBUG	Registering shutdown blocker for LightweightThemeManager
1420917723554	addons.manager	DEBUG	Registering shutdown blocker for OpenH264Provider
1420917723555	addons.manager	DEBUG	Registering shutdown blocker for PluginProvider
*** Blocklist::_preloadBlocklistFile: blocklist is disabled
1420917725811	addons.manager	DEBUG	Registering shutdown blocker for <unnamed-provider>
1420917738279	addons.manager	DEBUG	shutdown
1420917738280	addons.manager	DEBUG	Calling shutdown blocker for XPIProvider
1420917738281	addons.xpi	DEBUG	shutdown
1420917738282	addons.xpi	DEBUG	Notifying XPI shutdown observers
1420917738284	addons.manager	DEBUG	Calling shutdown blocker for LightweightThemeManager
1420917738286	addons.manager	DEBUG	Calling shutdown blocker for OpenH264Provider
1420917738290	addons.manager	DEBUG	Calling shutdown blocker for PluginProvider
1420917738291	addons.manager	DEBUG	Calling shutdown blocker for <unnamed-provider>
1420917738306	addons.manager	DEBUG	Async provider shutdown done

Build info: version: '2.42.0', revision: '5e824302019c86eae9c8c3ca9155e7307b410cf8', time: '2014-05-24 09:48:41'
System info: host: 'PravinAdmin', ip: '192.168.0.100', os.name: 'Windows 8', os.arch: 'amd64', os.version: '6.2', java.version: '1.7.0_10'
Driver info: driver.version: FirefoxDriver]]>
            </message>
            <full-stacktrace>
              <![CDATA[org.openqa.selenium.WebDriverException: Failed to connect to binary FirefoxBinary(C:\Program Files (x86)\Mozilla Firefox\firefox.exe) on port 7055; process output follows: 
s
1420917719587	DeferredSave.extensions.json	DEBUG	Save changes
1420917719588	addons.xpi	DEBUG	New add-on {972ce4c6-7e08-4474-a285-3208198ce6fd} installed in app-global
1420917719593	addons.xpi-utils	DEBUG	Make addon app-global:{972ce4c6-7e08-4474-a285-3208198ce6fd} visible
1420917719593	DeferredSave.extensions.json	DEBUG	Save changes
1420917719593	DeferredSave.extensions.json	DEBUG	Save changes
1420917719614	addons.xpi	DEBUG	Updating database with changes to installed add-ons
1420917719614	addons.xpi-utils	DEBUG	Updating add-on states
1420917719616	addons.xpi-utils	DEBUG	Writing add-ons list
1420917719627	addons.manager	DEBUG	Registering shutdown blocker for XPIProvider
1420917719628	addons.manager	DEBUG	Registering shutdown blocker for LightweightThemeManager
1420917719631	addons.manager	DEBUG	Registering shutdown blocker for OpenH264Provider
1420917719631	addons.manager	DEBUG	Registering shutdown blocker for PluginProvider
1420917721556	DeferredSave.extensions.json	DEBUG	Starting timer
1420917721616	DeferredSave.extensions.json	DEBUG	Starting write
1420917721800	addons.manager	DEBUG	shutdown
1420917721801	addons.manager	DEBUG	Calling shutdown blocker for XPIProvider
1420917721802	addons.xpi	DEBUG	shutdown
1420917721803	addons.xpi-utils	DEBUG	shutdown
1420917721804	addons.manager	DEBUG	Calling shutdown blocker for LightweightThemeManager
1420917721805	addons.manager	DEBUG	Calling shutdown blocker for OpenH264Provider
1420917721808	addons.manager	DEBUG	Calling shutdown blocker for PluginProvider
1420917722062	DeferredSave.extensions.json	DEBUG	Write succeeded
1420917722062	addons.xpi-utils	DEBUG	XPI Database saved, setting schema version preference to 16
1420917722063	addons.xpi	DEBUG	Notifying XPI shutdown observers
1420917722069	addons.manager	DEBUG	Async provider shutdown done
1420917723457	addons.manager	DEBUG	Loaded provider scope for resource://gre/modules/addons/XPIProvider.jsm: ["XPIProvider"]
1420917723462	addons.manager	DEBUG	Loaded provider scope for resource://gre/modules/LightweightThemeManager.jsm: ["LightweightThemeManager"]
1420917723476	addons.xpi	DEBUG	startup
1420917723479	addons.xpi	DEBUG	Skipping unavailable install location app-system-local
1420917723480	addons.xpi	DEBUG	Skipping unavailable install location app-system-share
1420917723484	addons.xpi	INFO	Mapping {972ce4c6-7e08-4474-a285-3208198ce6fd} to C:\Program Files (x86)\Mozilla Firefox\browser\extensions\{972ce4c6-7e08-4474-a285-3208198ce6fd}
1420917723489	addons.xpi	INFO	Mapping fxdriver@googlecode.com to C:\Users\Laasya\AppData\Local\Temp\anonymous8199362947020129337webdriver-profile\extensions\fxdriver@googlecode.com
1420917723489	addons.xpi	DEBUG	Ignoring file entry whose name is not a valid add-on ID: C:\Users\Laasya\AppData\Local\Temp\anonymous8199362947020129337webdriver-profile\extensions\webdriver-staging
1420917723490	addons.xpi	DEBUG	checkForChanges
1420917723533	addons.xpi	DEBUG	No changes found
1420917723549	addons.manager	DEBUG	Registering shutdown blocker for XPIProvider
1420917723550	addons.manager	DEBUG	Registering shutdown blocker for LightweightThemeManager
1420917723554	addons.manager	DEBUG	Registering shutdown blocker for OpenH264Provider
1420917723555	addons.manager	DEBUG	Registering shutdown blocker for PluginProvider
*** Blocklist::_preloadBlocklistFile: blocklist is disabled
1420917725811	addons.manager	DEBUG	Registering shutdown blocker for <unnamed-provider>
1420917738279	addons.manager	DEBUG	shutdown
1420917738280	addons.manager	DEBUG	Calling shutdown blocker for XPIProvider
1420917738281	addons.xpi	DEBUG	shutdown
1420917738282	addons.xpi	DEBUG	Notifying XPI shutdown observers
1420917738284	addons.manager	DEBUG	Calling shutdown blocker for LightweightThemeManager
1420917738286	addons.manager	DEBUG	Calling shutdown blocker for OpenH264Provider
1420917738290	addons.manager	DEBUG	Calling shutdown blocker for PluginProvider
1420917738291	addons.manager	DEBUG	Calling shutdown blocker for <unnamed-provider>
1420917738306	addons.manager	DEBUG	Async provider shutdown done

Build info: version: '2.42.0', revision: '5e824302019c86eae9c8c3ca9155e7307b410cf8', time: '2014-05-24 09:48:41'
System info: host: 'PravinAdmin', ip: '192.168.0.100', os.name: 'Windows 8', os.arch: 'amd64', os.version: '6.2', java.version: '1.7.0_10'
Driver info: driver.version: FirefoxDriver
	at org.openqa.selenium.firefox.internal.NewProfileExtensionConnection.start(NewProfileExtensionConnection.java:130)
	at org.openqa.selenium.firefox.FirefoxDriver.startClient(FirefoxDriver.java:246)
	at org.openqa.selenium.remote.RemoteWebDriver.<init>(RemoteWebDriver.java:115)
	at org.openqa.selenium.firefox.FirefoxDriver.<init>(FirefoxDriver.java:191)
	at org.openqa.selenium.firefox.FirefoxDriver.<init>(FirefoxDriver.java:186)
	at org.openqa.selenium.firefox.FirefoxDriver.<init>(FirefoxDriver.java:182)
	at org.openqa.selenium.firefox.FirefoxDriver.<init>(FirefoxDriver.java:95)
	at ua.com.rozetka.utils.Browser.open(Browser.java:36)
	at ua.com.rozetka.tests.BaseTest.setUpBrowser(BaseTest.java:20)
	at sun.reflect.NativeMethodAccessorImpl.invoke0(Native Method)
	at sun.reflect.NativeMethodAccessorImpl.invoke(NativeMethodAccessorImpl.java:57)
	at sun.reflect.DelegatingMethodAccessorImpl.invoke(DelegatingMethodAccessorImpl.java:43)
	at java.lang.reflect.Method.invoke(Method.java:601)
	at org.testng.internal.MethodInvocationHelper.invokeMethod(MethodInvocationHelper.java:84)
	at org.testng.internal.Invoker.invokeConfigurationMethod(Invoker.java:564)
	at org.testng.internal.Invoker.invokeConfigurations(Invoker.java:213)
	at org.testng.internal.Invoker.invokeConfigurations(Invoker.java:138)
	at org.testng.TestRunner.beforeRun(TestRunner.java:641)
	at org.testng.TestRunner.run(TestRunner.java:609)
	at org.testng.SuiteRunner.runTest(SuiteRunner.java:348)
	at org.testng.SuiteRunner.runSequentially(SuiteRunner.java:343)
	at org.testng.SuiteRunner.privateRun(SuiteRunner.java:305)
	at org.testng.SuiteRunner.run(SuiteRunner.java:254)
	at org.testng.SuiteRunnerWorker.runSuite(SuiteRunnerWorker.java:52)
	at org.testng.SuiteRunnerWorker.run(SuiteRunnerWorker.java:86)
	at org.testng.TestNG.runSuitesSequentially(TestNG.java:1224)
	at org.testng.TestNG.runSuitesLocally(TestNG.java:1149)
	at org.testng.TestNG.run(TestNG.java:1057)
	at org.apache.maven.surefire.testng.TestNGExecutor.run(TestNGExecutor.java:217)
	at org.apache.maven.surefire.testng.TestNGXmlTestSuite.execute(TestNGXmlTestSuite.java:84)
	at org.apache.maven.surefire.testng.TestNGProvider.invoke(TestNGProvider.java:92)
	at org.apache.maven.surefire.booter.ForkedBooter.invokeProviderInSameClassLoader(ForkedBooter.java:200)
	at org.apache.maven.surefire.booter.ForkedBooter.runSuitesInProcess(ForkedBooter.java:153)
	at org.apache.maven.surefire.booter.ForkedBooter.main(ForkedBooter.java:103)
Caused by: org.openqa.selenium.firefox.NotConnectedException: Unable to connect to host 127.0.0.1 on port 7055 after 45000 ms. Firefox console output:
s
1420917719587	DeferredSave.extensions.json	DEBUG	Save changes
1420917719588	addons.xpi	DEBUG	New add-on {972ce4c6-7e08-4474-a285-3208198ce6fd} installed in app-global
1420917719593	addons.xpi-utils	DEBUG	Make addon app-global:{972ce4c6-7e08-4474-a285-3208198ce6fd} visible
1420917719593	DeferredSave.extensions.json	DEBUG	Save changes
1420917719593	DeferredSave.extensions.json	DEBUG	Save changes
1420917719614	addons.xpi	DEBUG	Updating database with changes to installed add-ons
1420917719614	addons.xpi-utils	DEBUG	Updating add-on states
1420917719616	addons.xpi-utils	DEBUG	Writing add-ons list
1420917719627	addons.manager	DEBUG	Registering shutdown blocker for XPIProvider
1420917719628	addons.manager	DEBUG	Registering shutdown blocker for LightweightThemeManager
1420917719631	addons.manager	DEBUG	Registering shutdown blocker for OpenH264Provider
1420917719631	addons.manager	DEBUG	Registering shutdown blocker for PluginProvider
1420917721556	DeferredSave.extensions.json	DEBUG	Starting timer
1420917721616	DeferredSave.extensions.json	DEBUG	Starting write
1420917721800	addons.manager	DEBUG	shutdown
1420917721801	addons.manager	DEBUG	Calling shutdown blocker for XPIProvider
1420917721802	addons.xpi	DEBUG	shutdown
1420917721803	addons.xpi-utils	DEBUG	shutdown
1420917721804	addons.manager	DEBUG	Calling shutdown blocker for LightweightThemeManager
1420917721805	addons.manager	DEBUG	Calling shutdown blocker for OpenH264Provider
1420917721808	addons.manager	DEBUG	Calling shutdown blocker for PluginProvider
1420917722062	DeferredSave.extensions.json	DEBUG	Write succeeded
1420917722062	addons.xpi-utils	DEBUG	XPI Database saved, setting schema version preference to 16
1420917722063	addons.xpi	DEBUG	Notifying XPI shutdown observers
1420917722069	addons.manager	DEBUG	Async provider shutdown done
1420917723457	addons.manager	DEBUG	Loaded provider scope for resource://gre/modules/addons/XPIProvider.jsm: ["XPIProvider"]
1420917723462	addons.manager	DEBUG	Loaded provider scope for resource://gre/modules/LightweightThemeManager.jsm: ["LightweightThemeManager"]
1420917723476	addons.xpi	DEBUG	startup
1420917723479	addons.xpi	DEBUG	Skipping unavailable install location app-system-local
1420917723480	addons.xpi	DEBUG	Skipping unavailable install location app-system-share
1420917723484	addons.xpi	INFO	Mapping {972ce4c6-7e08-4474-a285-3208198ce6fd} to C:\Program Files (x86)\Mozilla Firefox\browser\extensions\{972ce4c6-7e08-4474-a285-3208198ce6fd}
1420917723489	addons.xpi	INFO	Mapping fxdriver@googlecode.com to C:\Users\Laasya\AppData\Local\Temp\anonymous8199362947020129337webdriver-profile\extensions\fxdriver@googlecode.com
1420917723489	addons.xpi	DEBUG	Ignoring file entry whose name is not a valid add-on ID: C:\Users\Laasya\AppData\Local\Temp\anonymous8199362947020129337webdriver-profile\extensions\webdriver-staging
1420917723490	addons.xpi	DEBUG	checkForChanges
1420917723533	addons.xpi	DEBUG	No changes found
1420917723549	addons.manager	DEBUG	Registering shutdown blocker for XPIProvider
1420917723550	addons.manager	DEBUG	Registering shutdown blocker for LightweightThemeManager
1420917723554	addons.manager	DEBUG	Registering shutdown blocker for OpenH264Provider
1420917723555	addons.manager	DEBUG	Registering shutdown blocker for PluginProvider
*** Blocklist::_preloadBlocklistFile: blocklist is disabled
1420917725811	addons.manager	DEBUG	Registering shutdown blocker for <unnamed-provider>
1420917738279	addons.manager	DEBUG	shutdown
1420917738280	addons.manager	DEBUG	Calling shutdown blocker for XPIProvider
1420917738281	addons.xpi	DEBUG	shutdown
1420917738282	addons.xpi	DEBUG	Notifying XPI shutdown observers
1420917738284	addons.manager	DEBUG	Calling shutdown blocker for LightweightThemeManager
1420917738286	addons.manager	DEBUG	Calling shutdown blocker for OpenH264Provider
1420917738290	addons.manager	DEBUG	Calling shutdown blocker for PluginProvider
1420917738291	addons.manager	DEBUG	Calling shutdown blocker for <unnamed-provider>
1420917738306	addons.manager	DEBUG	Async provider shutdown done

	at org.openqa.selenium.firefox.internal.NewProfileExtensionConnection.start(NewProfileExtensionConnection.java:118)
	... 33 more
]]>
            </full-stacktrace>
          </exception> <!-- org.openqa.selenium.WebDriverException -->
          <reporter-output>
          </reporter-output>
        </test-method> <!-- setUpBrowser -->
        <test-method status="SKIP" signature="logTestStart(java.lang.reflect.Method)[pri:0, instance:ua.com.rozetka.tests.Search@376f2723]" name="logTestStart" is-config="true" duration-ms="0" started-at="2015-01-11T00:52:48Z" finished-at="2015-01-11T00:52:48Z">
          <reporter-output>
          </reporter-output>
        </test-method> <!-- logTestStart -->
        <test-method status="SKIP" signature="setUpTestData(java.lang.String, java.lang.String, java.lang.String, java.lang.String, java.lang.String)[pri:0, instance:ua.com.rozetka.tests.Search@376f2723]" name="setUpTestData" is-config="true" duration-ms="0" started-at="2015-01-11T00:52:48Z" finished-at="2015-01-11T00:52:48Z">
          <reporter-output>
          </reporter-output>
        </test-method> <!-- setUpTestData -->
        <test-method status="SKIP" signature="searchQueryRemainsInSearchBoxTest()[pri:0, instance:ua.com.rozetka.tests.Search@376f2723]" name="searchQueryRemainsInSearchBoxTest" duration-ms="2" started-at="2015-01-11T00:52:48Z" finished-at="2015-01-11T00:52:48Z">
          <reporter-output>
          </reporter-output>
        </test-method> <!-- searchQueryRemainsInSearchBoxTest -->
        <test-method status="PASS" signature="finish(java.lang.reflect.Method)[pri:0, instance:ua.com.rozetka.tests.Search@376f2723]" name="finish" is-config="true" duration-ms="2" started-at="2015-01-11T00:52:48Z" finished-at="2015-01-11T00:52:48Z">
          <params>
            <param index="0">
              <value>
                <![CDATA[public void ua.com.rozetka.tests.Search.searchQueryRemainsInSearchBoxTest()]]>
              </value>
            </param>
          </params>
          <reporter-output>
          </reporter-output>
        </test-method> <!-- finish -->
        <test-method status="SKIP" signature="logTestStart(java.lang.reflect.Method)[pri:0, instance:ua.com.rozetka.tests.Search@376f2723]" name="logTestStart" is-config="true" duration-ms="0" started-at="2015-01-11T00:52:48Z" finished-at="2015-01-11T00:52:48Z">
          <reporter-output>
          </reporter-output>
        </test-method> <!-- logTestStart -->
        <test-method status="SKIP" signature="setUpTestData(java.lang.String, java.lang.String, java.lang.String, java.lang.String, java.lang.String)[pri:0, instance:ua.com.rozetka.tests.Search@376f2723]" name="setUpTestData" is-config="true" duration-ms="0" started-at="2015-01-11T00:52:48Z" finished-at="2015-01-11T00:52:48Z">
          <reporter-output>
          </reporter-output>
        </test-method> <!-- setUpTestData -->
        <test-method status="SKIP" signature="searchResultsContainSearchProductTest()[pri:0, instance:ua.com.rozetka.tests.Search@376f2723]" name="searchResultsContainSearchProductTest" duration-ms="1" started-at="2015-01-11T00:52:48Z" finished-at="2015-01-11T00:52:48Z">
          <reporter-output>
          </reporter-output>
        </test-method> <!-- searchResultsContainSearchProductTest -->
        <test-method status="PASS" signature="finish(java.lang.reflect.Method)[pri:0, instance:ua.com.rozetka.tests.Search@376f2723]" name="finish" is-config="true" duration-ms="1" started-at="2015-01-11T00:52:48Z" finished-at="2015-01-11T00:52:48Z">
          <params>
            <param index="0">
              <value>
                <![CDATA[public void ua.com.rozetka.tests.Search.searchResultsContainSearchProductTest()]]>
              </value>
            </param>
          </params>
          <reporter-output>
          </reporter-output>
        </test-method> <!-- finish -->
        <test-method status="SKIP" signature="logTestStart(java.lang.reflect.Method)[pri:0, instance:ua.com.rozetka.tests.Search@376f2723]" name="logTestStart" is-config="true" duration-ms="0" started-at="2015-01-11T00:52:48Z" finished-at="2015-01-11T00:52:48Z">
          <reporter-output>
          </reporter-output>
        </test-method> <!-- logTestStart -->
        <test-method status="SKIP" signature="setUpTestData(java.lang.String, java.lang.String, java.lang.String, java.lang.String, java.lang.String)[pri:0, instance:ua.com.rozetka.tests.Search@376f2723]" name="setUpTestData" is-config="true" duration-ms="0" started-at="2015-01-11T00:52:48Z" finished-at="2015-01-11T00:52:48Z">
          <reporter-output>
          </reporter-output>
        </test-method> <!-- setUpTestData -->
        <test-method status="PASS" signature="finish(java.lang.reflect.Method)[pri:0, instance:ua.com.rozetka.tests.Search@376f2723]" name="finish" is-config="true" duration-ms="2" started-at="2015-01-11T00:52:48Z" finished-at="2015-01-11T00:52:48Z">
          <params>
            <param index="0">
              <value>
                <![CDATA[public void ua.com.rozetka.tests.Search.searchResultsForContainsSearchQuery()]]>
              </value>
            </param>
          </params>
          <reporter-output>
          </reporter-output>
        </test-method> <!-- finish -->
        <test-method status="SKIP" signature="searchResultsForContainsSearchQuery()[pri:0, instance:ua.com.rozetka.tests.Search@376f2723]" name="searchResultsForContainsSearchQuery" duration-ms="0" started-at="2015-01-11T00:52:48Z" finished-at="2015-01-11T00:52:48Z">
          <reporter-output>
          </reporter-output>
        </test-method> <!-- searchResultsForContainsSearchQuery -->
        <test-method status="FAIL" signature="closeBrowser()[pri:0, instance:ua.com.rozetka.tests.Search@376f2723]" name="closeBrowser" is-config="true" duration-ms="0" started-at="2015-01-11T00:52:48Z" finished-at="2015-01-11T00:52:48Z">
          <exception class="java.lang.NullPointerException">
            <full-stacktrace>
              <![CDATA[java.lang.NullPointerException
	at ua.com.rozetka.utils.Browser.tearDown(Browser.java:48)
	at ua.com.rozetka.tests.BaseTest.closeBrowser(BaseTest.java:57)
	at sun.reflect.NativeMethodAccessorImpl.invoke0(Native Method)
	at sun.reflect.NativeMethodAccessorImpl.invoke(NativeMethodAccessorImpl.java:57)
	at sun.reflect.DelegatingMethodAccessorImpl.invoke(DelegatingMethodAccessorImpl.java:43)
	at java.lang.reflect.Method.invoke(Method.java:601)
	at org.testng.internal.MethodInvocationHelper.invokeMethod(MethodInvocationHelper.java:84)
	at org.testng.internal.Invoker.invokeConfigurationMethod(Invoker.java:564)
	at org.testng.internal.Invoker.invokeConfigurations(Invoker.java:213)
	at org.testng.internal.Invoker.invokeConfigurations(Invoker.java:138)
	at org.testng.TestRunner.afterRun(TestRunner.java:1014)
	at org.testng.TestRunner.run(TestRunner.java:621)
	at org.testng.SuiteRunner.runTest(SuiteRunner.java:348)
	at org.testng.SuiteRunner.runSequentially(SuiteRunner.java:343)
	at org.testng.SuiteRunner.privateRun(SuiteRunner.java:305)
	at org.testng.SuiteRunner.run(SuiteRunner.java:254)
	at org.testng.SuiteRunnerWorker.runSuite(SuiteRunnerWorker.java:52)
	at org.testng.SuiteRunnerWorker.run(SuiteRunnerWorker.java:86)
	at org.testng.TestNG.runSuitesSequentially(TestNG.java:1224)
	at org.testng.TestNG.runSuitesLocally(TestNG.java:1149)
	at org.testng.TestNG.run(TestNG.java:1057)
	at org.apache.maven.surefire.testng.TestNGExecutor.run(TestNGExecutor.java:217)
	at org.apache.maven.surefire.testng.TestNGXmlTestSuite.execute(TestNGXmlTestSuite.java:84)
	at org.apache.maven.surefire.testng.TestNGProvider.invoke(TestNGProvider.java:92)
	at org.apache.maven.surefire.booter.ForkedBooter.invokeProviderInSameClassLoader(ForkedBooter.java:200)
	at org.apache.maven.surefire.booter.ForkedBooter.runSuitesInProcess(ForkedBooter.java:153)
	at org.apache.maven.surefire.booter.ForkedBooter.main(ForkedBooter.java:103)
]]>
            </full-stacktrace>
          </exception> <!-- java.lang.NullPointerException -->
          <reporter-output>
          </reporter-output>
        </test-method> <!-- closeBrowser -->
      </class> <!-- ua.com.rozetka.tests.Search -->
    </test> <!-- Search -->
    <test name="Account" duration-ms="50161" started-at="2015-01-10T19:22:48Z" finished-at="2015-01-10T19:23:38Z">
      <class name="ua.com.rozetka.tests.AccountCreation">
        <test-method status="SKIP" signature="logTestStart(java.lang.reflect.Method)[pri:0, instance:ua.com.rozetka.tests.AccountCreation@eabce30]" name="logTestStart" is-config="true" duration-ms="0" started-at="2015-01-11T00:53:38Z" finished-at="2015-01-11T00:53:38Z">
          <reporter-output>
          </reporter-output>
        </test-method> <!-- logTestStart -->
        <test-method status="SKIP" signature="setUpTestData(java.lang.String, java.lang.String, java.lang.String, java.lang.String, java.lang.String)[pri:0, instance:ua.com.rozetka.tests.AccountCreation@eabce30]" name="setUpTestData" is-config="true" duration-ms="0" started-at="2015-01-11T00:53:38Z" finished-at="2015-01-11T00:53:38Z">
          <reporter-output>
          </reporter-output>
        </test-method> <!-- setUpTestData -->
        <test-method status="SKIP" signature="accountCreationTest()[pri:0, instance:ua.com.rozetka.tests.AccountCreation@eabce30]" name="accountCreationTest" duration-ms="1" started-at="2015-01-11T00:53:38Z" finished-at="2015-01-11T00:53:38Z">
          <reporter-output>
          </reporter-output>
        </test-method> <!-- accountCreationTest -->
        <test-method status="PASS" signature="finish(java.lang.reflect.Method)[pri:0, instance:ua.com.rozetka.tests.AccountCreation@eabce30]" name="finish" is-config="true" duration-ms="3" started-at="2015-01-11T00:53:38Z" finished-at="2015-01-11T00:53:38Z">
          <params>
            <param index="0">
              <value>
                <![CDATA[public void ua.com.rozetka.tests.AccountCreation.accountCreationTest()]]>
              </value>
            </param>
          </params>
          <reporter-output>
          </reporter-output>
        </test-method> <!-- finish -->
      </class> <!-- ua.com.rozetka.tests.AccountCreation -->
      <class name="ua.com.rozetka.tests.Authorization">
        <test-method status="FAIL" signature="setUpBrowser(java.lang.String, java.lang.String, java.lang.String, java.lang.String)[pri:0, instance:ua.com.rozetka.tests.Authorization@49114c5a]" name="setUpBrowser" is-config="true" duration-ms="0" started-at="2015-01-11T00:52:48Z" finished-at="2015-01-11T00:52:48Z">
          <params>
            <param index="0">
              <value>
                <![CDATA[firefox]]>
              </value>
            </param>
            <param index="1">
              <value>
                <![CDATA[1]]>
              </value>
            </param>
            <param index="2">
              <value>
                <![CDATA[20]]>
              </value>
            </param>
            <param index="3">
              <value>
                <![CDATA[http://www.rozetka.com.ua]]>
              </value>
            </param>
          </params>
          <exception class="org.openqa.selenium.WebDriverException">
            <message>
              <![CDATA[Failed to connect to binary FirefoxBinary(C:\Program Files (x86)\Mozilla Firefox\firefox.exe) on port 7055; process output follows: 
s
1420917770333	DeferredSave.extensions.json	DEBUG	Save changes
1420917770334	addons.xpi	DEBUG	New add-on {972ce4c6-7e08-4474-a285-3208198ce6fd} installed in app-global
1420917770339	addons.xpi-utils	DEBUG	Make addon app-global:{972ce4c6-7e08-4474-a285-3208198ce6fd} visible
1420917770339	DeferredSave.extensions.json	DEBUG	Save changes
1420917770339	DeferredSave.extensions.json	DEBUG	Save changes
1420917770362	addons.xpi	DEBUG	Updating database with changes to installed add-ons
1420917770362	addons.xpi-utils	DEBUG	Updating add-on states
1420917770364	addons.xpi-utils	DEBUG	Writing add-ons list
1420917770378	addons.manager	DEBUG	Registering shutdown blocker for XPIProvider
1420917770380	addons.manager	DEBUG	Registering shutdown blocker for LightweightThemeManager
1420917770383	addons.manager	DEBUG	Registering shutdown blocker for OpenH264Provider
1420917770384	addons.manager	DEBUG	Registering shutdown blocker for PluginProvider
1420917772500	DeferredSave.extensions.json	DEBUG	Starting timer
1420917772564	DeferredSave.extensions.json	DEBUG	Starting write
1420917772578	addons.manager	DEBUG	shutdown
1420917772579	addons.manager	DEBUG	Calling shutdown blocker for XPIProvider
1420917772580	addons.xpi	DEBUG	shutdown
1420917772581	addons.xpi-utils	DEBUG	shutdown
1420917772582	addons.manager	DEBUG	Calling shutdown blocker for LightweightThemeManager
1420917772584	addons.manager	DEBUG	Calling shutdown blocker for OpenH264Provider
1420917772587	addons.manager	DEBUG	Calling shutdown blocker for PluginProvider
1420917772958	DeferredSave.extensions.json	DEBUG	Write succeeded
1420917772958	addons.xpi-utils	DEBUG	XPI Database saved, setting schema version preference to 16
1420917772959	addons.xpi	DEBUG	Notifying XPI shutdown observers
1420917772965	addons.manager	DEBUG	Async provider shutdown done
1420917773590	addons.manager	DEBUG	Loaded provider scope for resource://gre/modules/addons/XPIProvider.jsm: ["XPIProvider"]
1420917773593	addons.manager	DEBUG	Loaded provider scope for resource://gre/modules/LightweightThemeManager.jsm: ["LightweightThemeManager"]
1420917773600	addons.xpi	DEBUG	startup
1420917773601	addons.xpi	DEBUG	Skipping unavailable install location app-system-local
1420917773602	addons.xpi	DEBUG	Skipping unavailable install location app-system-share
1420917773604	addons.xpi	INFO	Mapping {972ce4c6-7e08-4474-a285-3208198ce6fd} to C:\Program Files (x86)\Mozilla Firefox\browser\extensions\{972ce4c6-7e08-4474-a285-3208198ce6fd}
1420917773607	addons.xpi	INFO	Mapping fxdriver@googlecode.com to C:\Users\Laasya\AppData\Local\Temp\anonymous8887972148905286915webdriver-profile\extensions\fxdriver@googlecode.com
1420917773607	addons.xpi	DEBUG	Ignoring file entry whose name is not a valid add-on ID: C:\Users\Laasya\AppData\Local\Temp\anonymous8887972148905286915webdriver-profile\extensions\webdriver-staging
1420917773607	addons.xpi	DEBUG	checkForChanges
1420917773633	addons.xpi	DEBUG	No changes found
1420917773641	addons.manager	DEBUG	Registering shutdown blocker for XPIProvider
1420917773643	addons.manager	DEBUG	Registering shutdown blocker for LightweightThemeManager
1420917773645	addons.manager	DEBUG	Registering shutdown blocker for OpenH264Provider
1420917773646	addons.manager	DEBUG	Registering shutdown blocker for PluginProvider
*** Blocklist::_preloadBlocklistFile: blocklist is disabled
1420917775609	addons.manager	DEBUG	Registering shutdown blocker for <unnamed-provider>
1420917781868	addons.manager	DEBUG	shutdown
1420917781870	addons.manager	DEBUG	Calling shutdown blocker for XPIProvider
1420917781870	addons.xpi	DEBUG	shutdown
1420917781871	addons.xpi	DEBUG	Notifying XPI shutdown observers
1420917781872	addons.manager	DEBUG	Calling shutdown blocker for LightweightThemeManager
1420917781874	addons.manager	DEBUG	Calling shutdown blocker for OpenH264Provider
1420917781877	addons.manager	DEBUG	Calling shutdown blocker for PluginProvider
1420917781878	addons.manager	DEBUG	Calling shutdown blocker for <unnamed-provider>
1420917781893	addons.manager	DEBUG	Async provider shutdown done

Build info: version: '2.42.0', revision: '5e824302019c86eae9c8c3ca9155e7307b410cf8', time: '2014-05-24 09:48:41'
System info: host: 'PravinAdmin', ip: '192.168.0.100', os.name: 'Windows 8', os.arch: 'amd64', os.version: '6.2', java.version: '1.7.0_10'
Driver info: driver.version: FirefoxDriver]]>
            </message>
            <full-stacktrace>
              <![CDATA[org.openqa.selenium.WebDriverException: Failed to connect to binary FirefoxBinary(C:\Program Files (x86)\Mozilla Firefox\firefox.exe) on port 7055; process output follows: 
s
1420917770333	DeferredSave.extensions.json	DEBUG	Save changes
1420917770334	addons.xpi	DEBUG	New add-on {972ce4c6-7e08-4474-a285-3208198ce6fd} installed in app-global
1420917770339	addons.xpi-utils	DEBUG	Make addon app-global:{972ce4c6-7e08-4474-a285-3208198ce6fd} visible
1420917770339	DeferredSave.extensions.json	DEBUG	Save changes
1420917770339	DeferredSave.extensions.json	DEBUG	Save changes
1420917770362	addons.xpi	DEBUG	Updating database with changes to installed add-ons
1420917770362	addons.xpi-utils	DEBUG	Updating add-on states
1420917770364	addons.xpi-utils	DEBUG	Writing add-ons list
1420917770378	addons.manager	DEBUG	Registering shutdown blocker for XPIProvider
1420917770380	addons.manager	DEBUG	Registering shutdown blocker for LightweightThemeManager
1420917770383	addons.manager	DEBUG	Registering shutdown blocker for OpenH264Provider
1420917770384	addons.manager	DEBUG	Registering shutdown blocker for PluginProvider
1420917772500	DeferredSave.extensions.json	DEBUG	Starting timer
1420917772564	DeferredSave.extensions.json	DEBUG	Starting write
1420917772578	addons.manager	DEBUG	shutdown
1420917772579	addons.manager	DEBUG	Calling shutdown blocker for XPIProvider
1420917772580	addons.xpi	DEBUG	shutdown
1420917772581	addons.xpi-utils	DEBUG	shutdown
1420917772582	addons.manager	DEBUG	Calling shutdown blocker for LightweightThemeManager
1420917772584	addons.manager	DEBUG	Calling shutdown blocker for OpenH264Provider
1420917772587	addons.manager	DEBUG	Calling shutdown blocker for PluginProvider
1420917772958	DeferredSave.extensions.json	DEBUG	Write succeeded
1420917772958	addons.xpi-utils	DEBUG	XPI Database saved, setting schema version preference to 16
1420917772959	addons.xpi	DEBUG	Notifying XPI shutdown observers
1420917772965	addons.manager	DEBUG	Async provider shutdown done
1420917773590	addons.manager	DEBUG	Loaded provider scope for resource://gre/modules/addons/XPIProvider.jsm: ["XPIProvider"]
1420917773593	addons.manager	DEBUG	Loaded provider scope for resource://gre/modules/LightweightThemeManager.jsm: ["LightweightThemeManager"]
1420917773600	addons.xpi	DEBUG	startup
1420917773601	addons.xpi	DEBUG	Skipping unavailable install location app-system-local
1420917773602	addons.xpi	DEBUG	Skipping unavailable install location app-system-share
1420917773604	addons.xpi	INFO	Mapping {972ce4c6-7e08-4474-a285-3208198ce6fd} to C:\Program Files (x86)\Mozilla Firefox\browser\extensions\{972ce4c6-7e08-4474-a285-3208198ce6fd}
1420917773607	addons.xpi	INFO	Mapping fxdriver@googlecode.com to C:\Users\Laasya\AppData\Local\Temp\anonymous8887972148905286915webdriver-profile\extensions\fxdriver@googlecode.com
1420917773607	addons.xpi	DEBUG	Ignoring file entry whose name is not a valid add-on ID: C:\Users\Laasya\AppData\Local\Temp\anonymous8887972148905286915webdriver-profile\extensions\webdriver-staging
1420917773607	addons.xpi	DEBUG	checkForChanges
1420917773633	addons.xpi	DEBUG	No changes found
1420917773641	addons.manager	DEBUG	Registering shutdown blocker for XPIProvider
1420917773643	addons.manager	DEBUG	Registering shutdown blocker for LightweightThemeManager
1420917773645	addons.manager	DEBUG	Registering shutdown blocker for OpenH264Provider
1420917773646	addons.manager	DEBUG	Registering shutdown blocker for PluginProvider
*** Blocklist::_preloadBlocklistFile: blocklist is disabled
1420917775609	addons.manager	DEBUG	Registering shutdown blocker for <unnamed-provider>
1420917781868	addons.manager	DEBUG	shutdown
1420917781870	addons.manager	DEBUG	Calling shutdown blocker for XPIProvider
1420917781870	addons.xpi	DEBUG	shutdown
1420917781871	addons.xpi	DEBUG	Notifying XPI shutdown observers
1420917781872	addons.manager	DEBUG	Calling shutdown blocker for LightweightThemeManager
1420917781874	addons.manager	DEBUG	Calling shutdown blocker for OpenH264Provider
1420917781877	addons.manager	DEBUG	Calling shutdown blocker for PluginProvider
1420917781878	addons.manager	DEBUG	Calling shutdown blocker for <unnamed-provider>
1420917781893	addons.manager	DEBUG	Async provider shutdown done

Build info: version: '2.42.0', revision: '5e824302019c86eae9c8c3ca9155e7307b410cf8', time: '2014-05-24 09:48:41'
System info: host: 'PravinAdmin', ip: '192.168.0.100', os.name: 'Windows 8', os.arch: 'amd64', os.version: '6.2', java.version: '1.7.0_10'
Driver info: driver.version: FirefoxDriver
	at org.openqa.selenium.firefox.internal.NewProfileExtensionConnection.start(NewProfileExtensionConnection.java:130)
	at org.openqa.selenium.firefox.FirefoxDriver.startClient(FirefoxDriver.java:246)
	at org.openqa.selenium.remote.RemoteWebDriver.<init>(RemoteWebDriver.java:115)
	at org.openqa.selenium.firefox.FirefoxDriver.<init>(FirefoxDriver.java:191)
	at org.openqa.selenium.firefox.FirefoxDriver.<init>(FirefoxDriver.java:186)
	at org.openqa.selenium.firefox.FirefoxDriver.<init>(FirefoxDriver.java:182)
	at org.openqa.selenium.firefox.FirefoxDriver.<init>(FirefoxDriver.java:95)
	at ua.com.rozetka.utils.Browser.open(Browser.java:36)
	at ua.com.rozetka.tests.BaseTest.setUpBrowser(BaseTest.java:20)
	at sun.reflect.NativeMethodAccessorImpl.invoke0(Native Method)
	at sun.reflect.NativeMethodAccessorImpl.invoke(NativeMethodAccessorImpl.java:57)
	at sun.reflect.DelegatingMethodAccessorImpl.invoke(DelegatingMethodAccessorImpl.java:43)
	at java.lang.reflect.Method.invoke(Method.java:601)
	at org.testng.internal.MethodInvocationHelper.invokeMethod(MethodInvocationHelper.java:84)
	at org.testng.internal.Invoker.invokeConfigurationMethod(Invoker.java:564)
	at org.testng.internal.Invoker.invokeConfigurations(Invoker.java:213)
	at org.testng.internal.Invoker.invokeConfigurations(Invoker.java:138)
	at org.testng.TestRunner.beforeRun(TestRunner.java:641)
	at org.testng.TestRunner.run(TestRunner.java:609)
	at org.testng.SuiteRunner.runTest(SuiteRunner.java:348)
	at org.testng.SuiteRunner.runSequentially(SuiteRunner.java:343)
	at org.testng.SuiteRunner.privateRun(SuiteRunner.java:305)
	at org.testng.SuiteRunner.run(SuiteRunner.java:254)
	at org.testng.SuiteRunnerWorker.runSuite(SuiteRunnerWorker.java:52)
	at org.testng.SuiteRunnerWorker.run(SuiteRunnerWorker.java:86)
	at org.testng.TestNG.runSuitesSequentially(TestNG.java:1224)
	at org.testng.TestNG.runSuitesLocally(TestNG.java:1149)
	at org.testng.TestNG.run(TestNG.java:1057)
	at org.apache.maven.surefire.testng.TestNGExecutor.run(TestNGExecutor.java:217)
	at org.apache.maven.surefire.testng.TestNGXmlTestSuite.execute(TestNGXmlTestSuite.java:84)
	at org.apache.maven.surefire.testng.TestNGProvider.invoke(TestNGProvider.java:92)
	at org.apache.maven.surefire.booter.ForkedBooter.invokeProviderInSameClassLoader(ForkedBooter.java:200)
	at org.apache.maven.surefire.booter.ForkedBooter.runSuitesInProcess(ForkedBooter.java:153)
	at org.apache.maven.surefire.booter.ForkedBooter.main(ForkedBooter.java:103)
Caused by: org.openqa.selenium.firefox.NotConnectedException: Unable to connect to host 127.0.0.1 on port 7055 after 45000 ms. Firefox console output:
s
1420917770333	DeferredSave.extensions.json	DEBUG	Save changes
1420917770334	addons.xpi	DEBUG	New add-on {972ce4c6-7e08-4474-a285-3208198ce6fd} installed in app-global
1420917770339	addons.xpi-utils	DEBUG	Make addon app-global:{972ce4c6-7e08-4474-a285-3208198ce6fd} visible
1420917770339	DeferredSave.extensions.json	DEBUG	Save changes
1420917770339	DeferredSave.extensions.json	DEBUG	Save changes
1420917770362	addons.xpi	DEBUG	Updating database with changes to installed add-ons
1420917770362	addons.xpi-utils	DEBUG	Updating add-on states
1420917770364	addons.xpi-utils	DEBUG	Writing add-ons list
1420917770378	addons.manager	DEBUG	Registering shutdown blocker for XPIProvider
1420917770380	addons.manager	DEBUG	Registering shutdown blocker for LightweightThemeManager
1420917770383	addons.manager	DEBUG	Registering shutdown blocker for OpenH264Provider
1420917770384	addons.manager	DEBUG	Registering shutdown blocker for PluginProvider
1420917772500	DeferredSave.extensions.json	DEBUG	Starting timer
1420917772564	DeferredSave.extensions.json	DEBUG	Starting write
1420917772578	addons.manager	DEBUG	shutdown
1420917772579	addons.manager	DEBUG	Calling shutdown blocker for XPIProvider
1420917772580	addons.xpi	DEBUG	shutdown
1420917772581	addons.xpi-utils	DEBUG	shutdown
1420917772582	addons.manager	DEBUG	Calling shutdown blocker for LightweightThemeManager
1420917772584	addons.manager	DEBUG	Calling shutdown blocker for OpenH264Provider
1420917772587	addons.manager	DEBUG	Calling shutdown blocker for PluginProvider
1420917772958	DeferredSave.extensions.json	DEBUG	Write succeeded
1420917772958	addons.xpi-utils	DEBUG	XPI Database saved, setting schema version preference to 16
1420917772959	addons.xpi	DEBUG	Notifying XPI shutdown observers
1420917772965	addons.manager	DEBUG	Async provider shutdown done
1420917773590	addons.manager	DEBUG	Loaded provider scope for resource://gre/modules/addons/XPIProvider.jsm: ["XPIProvider"]
1420917773593	addons.manager	DEBUG	Loaded provider scope for resource://gre/modules/LightweightThemeManager.jsm: ["LightweightThemeManager"]
1420917773600	addons.xpi	DEBUG	startup
1420917773601	addons.xpi	DEBUG	Skipping unavailable install location app-system-local
1420917773602	addons.xpi	DEBUG	Skipping unavailable install location app-system-share
1420917773604	addons.xpi	INFO	Mapping {972ce4c6-7e08-4474-a285-3208198ce6fd} to C:\Program Files (x86)\Mozilla Firefox\browser\extensions\{972ce4c6-7e08-4474-a285-3208198ce6fd}
1420917773607	addons.xpi	INFO	Mapping fxdriver@googlecode.com to C:\Users\Laasya\AppData\Local\Temp\anonymous8887972148905286915webdriver-profile\extensions\fxdriver@googlecode.com
1420917773607	addons.xpi	DEBUG	Ignoring file entry whose name is not a valid add-on ID: C:\Users\Laasya\AppData\Local\Temp\anonymous8887972148905286915webdriver-profile\extensions\webdriver-staging
1420917773607	addons.xpi	DEBUG	checkForChanges
1420917773633	addons.xpi	DEBUG	No changes found
1420917773641	addons.manager	DEBUG	Registering shutdown blocker for XPIProvider
1420917773643	addons.manager	DEBUG	Registering shutdown blocker for LightweightThemeManager
1420917773645	addons.manager	DEBUG	Registering shutdown blocker for OpenH264Provider
1420917773646	addons.manager	DEBUG	Registering shutdown blocker for PluginProvider
*** Blocklist::_preloadBlocklistFile: blocklist is disabled
1420917775609	addons.manager	DEBUG	Registering shutdown blocker for <unnamed-provider>
1420917781868	addons.manager	DEBUG	shutdown
1420917781870	addons.manager	DEBUG	Calling shutdown blocker for XPIProvider
1420917781870	addons.xpi	DEBUG	shutdown
1420917781871	addons.xpi	DEBUG	Notifying XPI shutdown observers
1420917781872	addons.manager	DEBUG	Calling shutdown blocker for LightweightThemeManager
1420917781874	addons.manager	DEBUG	Calling shutdown blocker for OpenH264Provider
1420917781877	addons.manager	DEBUG	Calling shutdown blocker for PluginProvider
1420917781878	addons.manager	DEBUG	Calling shutdown blocker for <unnamed-provider>
1420917781893	addons.manager	DEBUG	Async provider shutdown done

	at org.openqa.selenium.firefox.internal.NewProfileExtensionConnection.start(NewProfileExtensionConnection.java:118)
	... 33 more
]]>
            </full-stacktrace>
          </exception> <!-- org.openqa.selenium.WebDriverException -->
          <reporter-output>
          </reporter-output>
        </test-method> <!-- setUpBrowser -->
        <test-method status="SKIP" signature="setUpTestData(java.lang.String, java.lang.String, java.lang.String, java.lang.String, java.lang.String)[pri:0, instance:ua.com.rozetka.tests.Authorization@49114c5a]" name="setUpTestData" is-config="true" duration-ms="0" started-at="2015-01-11T00:53:38Z" finished-at="2015-01-11T00:53:38Z">
          <reporter-output>
          </reporter-output>
        </test-method> <!-- setUpTestData -->
        <test-method status="SKIP" signature="logTestStart(java.lang.reflect.Method)[pri:0, instance:ua.com.rozetka.tests.Authorization@49114c5a]" name="logTestStart" is-config="true" duration-ms="0" started-at="2015-01-11T00:53:38Z" finished-at="2015-01-11T00:53:38Z">
          <reporter-output>
          </reporter-output>
        </test-method> <!-- logTestStart -->
        <test-method status="SKIP" signature="logInTest()[pri:0, instance:ua.com.rozetka.tests.Authorization@49114c5a]" name="logInTest" duration-ms="0" started-at="2015-01-11T00:53:38Z" finished-at="2015-01-11T00:53:38Z">
          <reporter-output>
          </reporter-output>
        </test-method> <!-- logInTest -->
        <test-method status="PASS" signature="finish(java.lang.reflect.Method)[pri:0, instance:ua.com.rozetka.tests.Authorization@49114c5a]" name="finish" is-config="true" duration-ms="1" started-at="2015-01-11T00:53:38Z" finished-at="2015-01-11T00:53:38Z">
          <params>
            <param index="0">
              <value>
                <![CDATA[public void ua.com.rozetka.tests.Authorization.logInTest()]]>
              </value>
            </param>
          </params>
          <reporter-output>
          </reporter-output>
        </test-method> <!-- finish -->
        <test-method status="SKIP" signature="setUpTestData(java.lang.String, java.lang.String, java.lang.String, java.lang.String, java.lang.String)[pri:0, instance:ua.com.rozetka.tests.Authorization@49114c5a]" name="setUpTestData" is-config="true" duration-ms="0" started-at="2015-01-11T00:53:38Z" finished-at="2015-01-11T00:53:38Z">
          <reporter-output>
          </reporter-output>
        </test-method> <!-- setUpTestData -->
        <test-method status="SKIP" signature="logTestStart(java.lang.reflect.Method)[pri:0, instance:ua.com.rozetka.tests.Authorization@49114c5a]" name="logTestStart" is-config="true" duration-ms="0" started-at="2015-01-11T00:53:38Z" finished-at="2015-01-11T00:53:38Z">
          <reporter-output>
          </reporter-output>
        </test-method> <!-- logTestStart -->
        <test-method status="SKIP" signature="logOutTest()[pri:0, instance:ua.com.rozetka.tests.Authorization@49114c5a]" name="logOutTest" duration-ms="0" started-at="2015-01-11T00:53:38Z" finished-at="2015-01-11T00:53:38Z">
          <reporter-output>
          </reporter-output>
        </test-method> <!-- logOutTest -->
        <test-method status="PASS" signature="finish(java.lang.reflect.Method)[pri:0, instance:ua.com.rozetka.tests.Authorization@49114c5a]" name="finish" is-config="true" duration-ms="3" started-at="2015-01-11T00:53:38Z" finished-at="2015-01-11T00:53:38Z">
          <params>
            <param index="0">
              <value>
                <![CDATA[public void ua.com.rozetka.tests.Authorization.logOutTest()]]>
              </value>
            </param>
          </params>
          <reporter-output>
          </reporter-output>
        </test-method> <!-- finish -->
        <test-method status="FAIL" signature="closeBrowser()[pri:0, instance:ua.com.rozetka.tests.Authorization@49114c5a]" name="closeBrowser" is-config="true" duration-ms="0" started-at="2015-01-11T00:53:38Z" finished-at="2015-01-11T00:53:38Z">
          <exception class="java.lang.NullPointerException">
            <full-stacktrace>
              <![CDATA[java.lang.NullPointerException
	at ua.com.rozetka.utils.Browser.tearDown(Browser.java:48)
	at ua.com.rozetka.tests.BaseTest.closeBrowser(BaseTest.java:57)
	at sun.reflect.NativeMethodAccessorImpl.invoke0(Native Method)
	at sun.reflect.NativeMethodAccessorImpl.invoke(NativeMethodAccessorImpl.java:57)
	at sun.reflect.DelegatingMethodAccessorImpl.invoke(DelegatingMethodAccessorImpl.java:43)
	at java.lang.reflect.Method.invoke(Method.java:601)
	at org.testng.internal.MethodInvocationHelper.invokeMethod(MethodInvocationHelper.java:84)
	at org.testng.internal.Invoker.invokeConfigurationMethod(Invoker.java:564)
	at org.testng.internal.Invoker.invokeConfigurations(Invoker.java:213)
	at org.testng.internal.Invoker.invokeConfigurations(Invoker.java:138)
	at org.testng.TestRunner.afterRun(TestRunner.java:1014)
	at org.testng.TestRunner.run(TestRunner.java:621)
	at org.testng.SuiteRunner.runTest(SuiteRunner.java:348)
	at org.testng.SuiteRunner.runSequentially(SuiteRunner.java:343)
	at org.testng.SuiteRunner.privateRun(SuiteRunner.java:305)
	at org.testng.SuiteRunner.run(SuiteRunner.java:254)
	at org.testng.SuiteRunnerWorker.runSuite(SuiteRunnerWorker.java:52)
	at org.testng.SuiteRunnerWorker.run(SuiteRunnerWorker.java:86)
	at org.testng.TestNG.runSuitesSequentially(TestNG.java:1224)
	at org.testng.TestNG.runSuitesLocally(TestNG.java:1149)
	at org.testng.TestNG.run(TestNG.java:1057)
	at org.apache.maven.surefire.testng.TestNGExecutor.run(TestNGExecutor.java:217)
	at org.apache.maven.surefire.testng.TestNGXmlTestSuite.execute(TestNGXmlTestSuite.java:84)
	at org.apache.maven.surefire.testng.TestNGProvider.invoke(TestNGProvider.java:92)
	at org.apache.maven.surefire.booter.ForkedBooter.invokeProviderInSameClassLoader(ForkedBooter.java:200)
	at org.apache.maven.surefire.booter.ForkedBooter.runSuitesInProcess(ForkedBooter.java:153)
	at org.apache.maven.surefire.booter.ForkedBooter.main(ForkedBooter.java:103)
]]>
            </full-stacktrace>
          </exception> <!-- java.lang.NullPointerException -->
          <reporter-output>
          </reporter-output>
        </test-method> <!-- closeBrowser -->
      </class> <!-- ua.com.rozetka.tests.Authorization -->
    </test> <!-- Account -->
    <test name="Checkout" duration-ms="50288" started-at="2015-01-10T19:23:39Z" finished-at="2015-01-10T19:24:29Z">
      <class name="ua.com.rozetka.tests.Checkout">
        <test-method status="FAIL" signature="setUpBrowser(java.lang.String, java.lang.String, java.lang.String, java.lang.String)[pri:0, instance:ua.com.rozetka.tests.Checkout@54f5493f]" name="setUpBrowser" is-config="true" duration-ms="0" started-at="2015-01-11T00:53:39Z" finished-at="2015-01-11T00:53:39Z">
          <params>
            <param index="0">
              <value>
                <![CDATA[firefox]]>
              </value>
            </param>
            <param index="1">
              <value>
                <![CDATA[1]]>
              </value>
            </param>
            <param index="2">
              <value>
                <![CDATA[20]]>
              </value>
            </param>
            <param index="3">
              <value>
                <![CDATA[http://www.rozetka.com.ua]]>
              </value>
            </param>
          </params>
          <exception class="org.openqa.selenium.WebDriverException">
            <message>
              <![CDATA[Failed to connect to binary FirefoxBinary(C:\Program Files (x86)\Mozilla Firefox\firefox.exe) on port 7055; process output follows: 
Laasya\\AppData\\Local\\Temp\\anonymous7383047653754006228webdriver-profile\\extensions\\fxdriver@googlecode.com","mtime":1420917819810,"rdfTime":1420917819733}}}]
1420917820526	addons.xpi-utils	DEBUG	Opening XPI database C:\Users\Laasya\AppData\Local\Temp\anonymous7383047653754006228webdriver-profile\extensions.json
1420917820529	addons.xpi	DEBUG	New add-on fxdriver@googlecode.com installed in app-profile
*** Blocklist::_loadBlocklistFromFile: blocklist is disabled
1420917820757	addons.xpi-utils	DEBUG	Make addon app-profile:fxdriver@googlecode.com visible
1420917820759	DeferredSave.extensions.json	DEBUG	Save changes
1420917820760	DeferredSave.extensions.json	DEBUG	Save changes
1420917820761	addons.xpi	DEBUG	New add-on {972ce4c6-7e08-4474-a285-3208198ce6fd} installed in app-global
1420917820766	addons.xpi-utils	DEBUG	Make addon app-global:{972ce4c6-7e08-4474-a285-3208198ce6fd} visible
1420917820766	DeferredSave.extensions.json	DEBUG	Save changes
1420917820766	DeferredSave.extensions.json	DEBUG	Save changes
1420917820788	addons.xpi	DEBUG	Updating database with changes to installed add-ons
1420917820789	addons.xpi-utils	DEBUG	Updating add-on states
1420917820790	addons.xpi-utils	DEBUG	Writing add-ons list
1420917820802	addons.manager	DEBUG	Registering shutdown blocker for XPIProvider
1420917820803	addons.manager	DEBUG	Registering shutdown blocker for LightweightThemeManager
1420917820805	addons.manager	DEBUG	Registering shutdown blocker for OpenH264Provider
1420917820806	addons.manager	DEBUG	Registering shutdown blocker for PluginProvider
1420917822944	DeferredSave.extensions.json	DEBUG	Starting timer
1420917823015	DeferredSave.extensions.json	DEBUG	Starting write
1420917823030	addons.manager	DEBUG	shutdown
1420917823031	addons.manager	DEBUG	Calling shutdown blocker for XPIProvider
1420917823031	addons.xpi	DEBUG	shutdown
1420917823032	addons.xpi-utils	DEBUG	shutdown
1420917823033	addons.manager	DEBUG	Calling shutdown blocker for LightweightThemeManager
1420917823034	addons.manager	DEBUG	Calling shutdown blocker for OpenH264Provider
1420917823036	addons.manager	DEBUG	Calling shutdown blocker for PluginProvider
1420917823326	DeferredSave.extensions.json	DEBUG	Write succeeded
1420917823327	addons.xpi-utils	DEBUG	XPI Database saved, setting schema version preference to 16
1420917823327	addons.xpi	DEBUG	Notifying XPI shutdown observers
1420917823333	addons.manager	DEBUG	Async provider shutdown done
1420917823915	addons.manager	DEBUG	Loaded provider scope for resource://gre/modules/addons/XPIProvider.jsm: ["XPIProvider"]
1420917823919	addons.manager	DEBUG	Loaded provider scope for resource://gre/modules/LightweightThemeManager.jsm: ["LightweightThemeManager"]
1420917823927	addons.xpi	DEBUG	startup
1420917823929	addons.xpi	DEBUG	Skipping unavailable install location app-system-local
1420917823930	addons.xpi	DEBUG	Skipping unavailable install location app-system-share
1420917823932	addons.xpi	INFO	Mapping {972ce4c6-7e08-4474-a285-3208198ce6fd} to C:\Program Files (x86)\Mozilla Firefox\browser\extensions\{972ce4c6-7e08-4474-a285-3208198ce6fd}
1420917823935	addons.xpi	INFO	Mapping fxdriver@googlecode.com to C:\Users\Laasya\AppData\Local\Temp\anonymous7383047653754006228webdriver-profile\extensions\fxdriver@googlecode.com
1420917823935	addons.xpi	DEBUG	Ignoring file entry whose name is not a valid add-on ID: C:\Users\Laasya\AppData\Local\Temp\anonymous7383047653754006228webdriver-profile\extensions\webdriver-staging
1420917823936	addons.xpi	DEBUG	checkForChanges
1420917823959	addons.xpi	DEBUG	No changes found
1420917823967	addons.manager	DEBUG	Registering shutdown blocker for XPIProvider
1420917823968	addons.manager	DEBUG	Registering shutdown blocker for LightweightThemeManager
1420917823971	addons.manager	DEBUG	Registering shutdown blocker for OpenH264Provider
1420917823972	addons.manager	DEBUG	Registering shutdown blocker for PluginProvider
*** Blocklist::_preloadBlocklistFile: blocklist is disabled
1420917826039	addons.manager	DEBUG	Registering shutdown blocker for <unnamed-provider>

Build info: version: '2.42.0', revision: '5e824302019c86eae9c8c3ca9155e7307b410cf8', time: '2014-05-24 09:48:41'
System info: host: 'PravinAdmin', ip: '192.168.0.100', os.name: 'Windows 8', os.arch: 'amd64', os.version: '6.2', java.version: '1.7.0_10'
Driver info: driver.version: FirefoxDriver]]>
            </message>
            <full-stacktrace>
              <![CDATA[org.openqa.selenium.WebDriverException: Failed to connect to binary FirefoxBinary(C:\Program Files (x86)\Mozilla Firefox\firefox.exe) on port 7055; process output follows: 
Laasya\\AppData\\Local\\Temp\\anonymous7383047653754006228webdriver-profile\\extensions\\fxdriver@googlecode.com","mtime":1420917819810,"rdfTime":1420917819733}}}]
1420917820526	addons.xpi-utils	DEBUG	Opening XPI database C:\Users\Laasya\AppData\Local\Temp\anonymous7383047653754006228webdriver-profile\extensions.json
1420917820529	addons.xpi	DEBUG	New add-on fxdriver@googlecode.com installed in app-profile
*** Blocklist::_loadBlocklistFromFile: blocklist is disabled
1420917820757	addons.xpi-utils	DEBUG	Make addon app-profile:fxdriver@googlecode.com visible
1420917820759	DeferredSave.extensions.json	DEBUG	Save changes
1420917820760	DeferredSave.extensions.json	DEBUG	Save changes
1420917820761	addons.xpi	DEBUG	New add-on {972ce4c6-7e08-4474-a285-3208198ce6fd} installed in app-global
1420917820766	addons.xpi-utils	DEBUG	Make addon app-global:{972ce4c6-7e08-4474-a285-3208198ce6fd} visible
1420917820766	DeferredSave.extensions.json	DEBUG	Save changes
1420917820766	DeferredSave.extensions.json	DEBUG	Save changes
1420917820788	addons.xpi	DEBUG	Updating database with changes to installed add-ons
1420917820789	addons.xpi-utils	DEBUG	Updating add-on states
1420917820790	addons.xpi-utils	DEBUG	Writing add-ons list
1420917820802	addons.manager	DEBUG	Registering shutdown blocker for XPIProvider
1420917820803	addons.manager	DEBUG	Registering shutdown blocker for LightweightThemeManager
1420917820805	addons.manager	DEBUG	Registering shutdown blocker for OpenH264Provider
1420917820806	addons.manager	DEBUG	Registering shutdown blocker for PluginProvider
1420917822944	DeferredSave.extensions.json	DEBUG	Starting timer
1420917823015	DeferredSave.extensions.json	DEBUG	Starting write
1420917823030	addons.manager	DEBUG	shutdown
1420917823031	addons.manager	DEBUG	Calling shutdown blocker for XPIProvider
1420917823031	addons.xpi	DEBUG	shutdown
1420917823032	addons.xpi-utils	DEBUG	shutdown
1420917823033	addons.manager	DEBUG	Calling shutdown blocker for LightweightThemeManager
1420917823034	addons.manager	DEBUG	Calling shutdown blocker for OpenH264Provider
1420917823036	addons.manager	DEBUG	Calling shutdown blocker for PluginProvider
1420917823326	DeferredSave.extensions.json	DEBUG	Write succeeded
1420917823327	addons.xpi-utils	DEBUG	XPI Database saved, setting schema version preference to 16
1420917823327	addons.xpi	DEBUG	Notifying XPI shutdown observers
1420917823333	addons.manager	DEBUG	Async provider shutdown done
1420917823915	addons.manager	DEBUG	Loaded provider scope for resource://gre/modules/addons/XPIProvider.jsm: ["XPIProvider"]
1420917823919	addons.manager	DEBUG	Loaded provider scope for resource://gre/modules/LightweightThemeManager.jsm: ["LightweightThemeManager"]
1420917823927	addons.xpi	DEBUG	startup
1420917823929	addons.xpi	DEBUG	Skipping unavailable install location app-system-local
1420917823930	addons.xpi	DEBUG	Skipping unavailable install location app-system-share
1420917823932	addons.xpi	INFO	Mapping {972ce4c6-7e08-4474-a285-3208198ce6fd} to C:\Program Files (x86)\Mozilla Firefox\browser\extensions\{972ce4c6-7e08-4474-a285-3208198ce6fd}
1420917823935	addons.xpi	INFO	Mapping fxdriver@googlecode.com to C:\Users\Laasya\AppData\Local\Temp\anonymous7383047653754006228webdriver-profile\extensions\fxdriver@googlecode.com
1420917823935	addons.xpi	DEBUG	Ignoring file entry whose name is not a valid add-on ID: C:\Users\Laasya\AppData\Local\Temp\anonymous7383047653754006228webdriver-profile\extensions\webdriver-staging
1420917823936	addons.xpi	DEBUG	checkForChanges
1420917823959	addons.xpi	DEBUG	No changes found
1420917823967	addons.manager	DEBUG	Registering shutdown blocker for XPIProvider
1420917823968	addons.manager	DEBUG	Registering shutdown blocker for LightweightThemeManager
1420917823971	addons.manager	DEBUG	Registering shutdown blocker for OpenH264Provider
1420917823972	addons.manager	DEBUG	Registering shutdown blocker for PluginProvider
*** Blocklist::_preloadBlocklistFile: blocklist is disabled
1420917826039	addons.manager	DEBUG	Registering shutdown blocker for <unnamed-provider>

Build info: version: '2.42.0', revision: '5e824302019c86eae9c8c3ca9155e7307b410cf8', time: '2014-05-24 09:48:41'
System info: host: 'PravinAdmin', ip: '192.168.0.100', os.name: 'Windows 8', os.arch: 'amd64', os.version: '6.2', java.version: '1.7.0_10'
Driver info: driver.version: FirefoxDriver
	at org.openqa.selenium.firefox.internal.NewProfileExtensionConnection.start(NewProfileExtensionConnection.java:130)
	at org.openqa.selenium.firefox.FirefoxDriver.startClient(FirefoxDriver.java:246)
	at org.openqa.selenium.remote.RemoteWebDriver.<init>(RemoteWebDriver.java:115)
	at org.openqa.selenium.firefox.FirefoxDriver.<init>(FirefoxDriver.java:191)
	at org.openqa.selenium.firefox.FirefoxDriver.<init>(FirefoxDriver.java:186)
	at org.openqa.selenium.firefox.FirefoxDriver.<init>(FirefoxDriver.java:182)
	at org.openqa.selenium.firefox.FirefoxDriver.<init>(FirefoxDriver.java:95)
	at ua.com.rozetka.utils.Browser.open(Browser.java:36)
	at ua.com.rozetka.tests.BaseTest.setUpBrowser(BaseTest.java:20)
	at sun.reflect.NativeMethodAccessorImpl.invoke0(Native Method)
	at sun.reflect.NativeMethodAccessorImpl.invoke(NativeMethodAccessorImpl.java:57)
	at sun.reflect.DelegatingMethodAccessorImpl.invoke(DelegatingMethodAccessorImpl.java:43)
	at java.lang.reflect.Method.invoke(Method.java:601)
	at org.testng.internal.MethodInvocationHelper.invokeMethod(MethodInvocationHelper.java:84)
	at org.testng.internal.Invoker.invokeConfigurationMethod(Invoker.java:564)
	at org.testng.internal.Invoker.invokeConfigurations(Invoker.java:213)
	at org.testng.internal.Invoker.invokeConfigurations(Invoker.java:138)
	at org.testng.TestRunner.beforeRun(TestRunner.java:641)
	at org.testng.TestRunner.run(TestRunner.java:609)
	at org.testng.SuiteRunner.runTest(SuiteRunner.java:348)
	at org.testng.SuiteRunner.runSequentially(SuiteRunner.java:343)
	at org.testng.SuiteRunner.privateRun(SuiteRunner.java:305)
	at org.testng.SuiteRunner.run(SuiteRunner.java:254)
	at org.testng.SuiteRunnerWorker.runSuite(SuiteRunnerWorker.java:52)
	at org.testng.SuiteRunnerWorker.run(SuiteRunnerWorker.java:86)
	at org.testng.TestNG.runSuitesSequentially(TestNG.java:1224)
	at org.testng.TestNG.runSuitesLocally(TestNG.java:1149)
	at org.testng.TestNG.run(TestNG.java:1057)
	at org.apache.maven.surefire.testng.TestNGExecutor.run(TestNGExecutor.java:217)
	at org.apache.maven.surefire.testng.TestNGXmlTestSuite.execute(TestNGXmlTestSuite.java:84)
	at org.apache.maven.surefire.testng.TestNGProvider.invoke(TestNGProvider.java:92)
	at org.apache.maven.surefire.booter.ForkedBooter.invokeProviderInSameClassLoader(ForkedBooter.java:200)
	at org.apache.maven.surefire.booter.ForkedBooter.runSuitesInProcess(ForkedBooter.java:153)
	at org.apache.maven.surefire.booter.ForkedBooter.main(ForkedBooter.java:103)
Caused by: org.openqa.selenium.firefox.NotConnectedException: Unable to connect to host 127.0.0.1 on port 7055 after 45000 ms. Firefox console output:
Laasya\\AppData\\Local\\Temp\\anonymous7383047653754006228webdriver-profile\\extensions\\fxdriver@googlecode.com","mtime":1420917819810,"rdfTime":1420917819733}}}]
1420917820526	addons.xpi-utils	DEBUG	Opening XPI database C:\Users\Laasya\AppData\Local\Temp\anonymous7383047653754006228webdriver-profile\extensions.json
1420917820529	addons.xpi	DEBUG	New add-on fxdriver@googlecode.com installed in app-profile
*** Blocklist::_loadBlocklistFromFile: blocklist is disabled
1420917820757	addons.xpi-utils	DEBUG	Make addon app-profile:fxdriver@googlecode.com visible
1420917820759	DeferredSave.extensions.json	DEBUG	Save changes
1420917820760	DeferredSave.extensions.json	DEBUG	Save changes
1420917820761	addons.xpi	DEBUG	New add-on {972ce4c6-7e08-4474-a285-3208198ce6fd} installed in app-global
1420917820766	addons.xpi-utils	DEBUG	Make addon app-global:{972ce4c6-7e08-4474-a285-3208198ce6fd} visible
1420917820766	DeferredSave.extensions.json	DEBUG	Save changes
1420917820766	DeferredSave.extensions.json	DEBUG	Save changes
1420917820788	addons.xpi	DEBUG	Updating database with changes to installed add-ons
1420917820789	addons.xpi-utils	DEBUG	Updating add-on states
1420917820790	addons.xpi-utils	DEBUG	Writing add-ons list
1420917820802	addons.manager	DEBUG	Registering shutdown blocker for XPIProvider
1420917820803	addons.manager	DEBUG	Registering shutdown blocker for LightweightThemeManager
1420917820805	addons.manager	DEBUG	Registering shutdown blocker for OpenH264Provider
1420917820806	addons.manager	DEBUG	Registering shutdown blocker for PluginProvider
1420917822944	DeferredSave.extensions.json	DEBUG	Starting timer
1420917823015	DeferredSave.extensions.json	DEBUG	Starting write
1420917823030	addons.manager	DEBUG	shutdown
1420917823031	addons.manager	DEBUG	Calling shutdown blocker for XPIProvider
1420917823031	addons.xpi	DEBUG	shutdown
1420917823032	addons.xpi-utils	DEBUG	shutdown
1420917823033	addons.manager	DEBUG	Calling shutdown blocker for LightweightThemeManager
1420917823034	addons.manager	DEBUG	Calling shutdown blocker for OpenH264Provider
1420917823036	addons.manager	DEBUG	Calling shutdown blocker for PluginProvider
1420917823326	DeferredSave.extensions.json	DEBUG	Write succeeded
1420917823327	addons.xpi-utils	DEBUG	XPI Database saved, setting schema version preference to 16
1420917823327	addons.xpi	DEBUG	Notifying XPI shutdown observers
1420917823333	addons.manager	DEBUG	Async provider shutdown done
1420917823915	addons.manager	DEBUG	Loaded provider scope for resource://gre/modules/addons/XPIProvider.jsm: ["XPIProvider"]
1420917823919	addons.manager	DEBUG	Loaded provider scope for resource://gre/modules/LightweightThemeManager.jsm: ["LightweightThemeManager"]
1420917823927	addons.xpi	DEBUG	startup
1420917823929	addons.xpi	DEBUG	Skipping unavailable install location app-system-local
1420917823930	addons.xpi	DEBUG	Skipping unavailable install location app-system-share
1420917823932	addons.xpi	INFO	Mapping {972ce4c6-7e08-4474-a285-3208198ce6fd} to C:\Program Files (x86)\Mozilla Firefox\browser\extensions\{972ce4c6-7e08-4474-a285-3208198ce6fd}
1420917823935	addons.xpi	INFO	Mapping fxdriver@googlecode.com to C:\Users\Laasya\AppData\Local\Temp\anonymous7383047653754006228webdriver-profile\extensions\fxdriver@googlecode.com
1420917823935	addons.xpi	DEBUG	Ignoring file entry whose name is not a valid add-on ID: C:\Users\Laasya\AppData\Local\Temp\anonymous7383047653754006228webdriver-profile\extensions\webdriver-staging
1420917823936	addons.xpi	DEBUG	checkForChanges
1420917823959	addons.xpi	DEBUG	No changes found
1420917823967	addons.manager	DEBUG	Registering shutdown blocker for XPIProvider
1420917823968	addons.manager	DEBUG	Registering shutdown blocker for LightweightThemeManager
1420917823971	addons.manager	DEBUG	Registering shutdown blocker for OpenH264Provider
1420917823972	addons.manager	DEBUG	Registering shutdown blocker for PluginProvider
*** Blocklist::_preloadBlocklistFile: blocklist is disabled
1420917826039	addons.manager	DEBUG	Registering shutdown blocker for <unnamed-provider>

	at org.openqa.selenium.firefox.internal.NewProfileExtensionConnection.start(NewProfileExtensionConnection.java:118)
	... 33 more
]]>
            </full-stacktrace>
          </exception> <!-- org.openqa.selenium.WebDriverException -->
          <reporter-output>
          </reporter-output>
        </test-method> <!-- setUpBrowser -->
        <test-method status="SKIP" signature="logTestStart(java.lang.reflect.Method)[pri:0, instance:ua.com.rozetka.tests.Checkout@54f5493f]" name="logTestStart" is-config="true" duration-ms="0" started-at="2015-01-11T00:54:29Z" finished-at="2015-01-11T00:54:29Z">
          <reporter-output>
          </reporter-output>
        </test-method> <!-- logTestStart -->
        <test-method status="SKIP" signature="setUpTestData(java.lang.String, java.lang.String, java.lang.String, java.lang.String, java.lang.String)[pri:0, instance:ua.com.rozetka.tests.Checkout@54f5493f]" name="setUpTestData" is-config="true" duration-ms="0" started-at="2015-01-11T00:54:29Z" finished-at="2015-01-11T00:54:29Z">
          <reporter-output>
          </reporter-output>
        </test-method> <!-- setUpTestData -->
        <test-method status="SKIP" signature="checkoutPositive()[pri:0, instance:ua.com.rozetka.tests.Checkout@54f5493f]" name="checkoutPositive" duration-ms="1" started-at="2015-01-11T00:54:29Z" finished-at="2015-01-11T00:54:29Z">
          <reporter-output>
          </reporter-output>
        </test-method> <!-- checkoutPositive -->
        <test-method status="PASS" signature="finish(java.lang.reflect.Method)[pri:0, instance:ua.com.rozetka.tests.Checkout@54f5493f]" name="finish" is-config="true" duration-ms="2" started-at="2015-01-11T00:54:29Z" finished-at="2015-01-11T00:54:29Z">
          <params>
            <param index="0">
              <value>
                <![CDATA[public void ua.com.rozetka.tests.Checkout.checkoutPositive()]]>
              </value>
            </param>
          </params>
          <reporter-output>
          </reporter-output>
        </test-method> <!-- finish -->
        <test-method status="FAIL" signature="closeBrowser()[pri:0, instance:ua.com.rozetka.tests.Checkout@54f5493f]" name="closeBrowser" is-config="true" duration-ms="0" started-at="2015-01-11T00:54:29Z" finished-at="2015-01-11T00:54:29Z">
          <exception class="java.lang.NullPointerException">
            <full-stacktrace>
              <![CDATA[java.lang.NullPointerException
	at ua.com.rozetka.utils.Browser.tearDown(Browser.java:48)
	at ua.com.rozetka.tests.BaseTest.closeBrowser(BaseTest.java:57)
	at sun.reflect.NativeMethodAccessorImpl.invoke0(Native Method)
	at sun.reflect.NativeMethodAccessorImpl.invoke(NativeMethodAccessorImpl.java:57)
	at sun.reflect.DelegatingMethodAccessorImpl.invoke(DelegatingMethodAccessorImpl.java:43)
	at java.lang.reflect.Method.invoke(Method.java:601)
	at org.testng.internal.MethodInvocationHelper.invokeMethod(MethodInvocationHelper.java:84)
	at org.testng.internal.Invoker.invokeConfigurationMethod(Invoker.java:564)
	at org.testng.internal.Invoker.invokeConfigurations(Invoker.java:213)
	at org.testng.internal.Invoker.invokeConfigurations(Invoker.java:138)
	at org.testng.TestRunner.afterRun(TestRunner.java:1014)
	at org.testng.TestRunner.run(TestRunner.java:621)
	at org.testng.SuiteRunner.runTest(SuiteRunner.java:348)
	at org.testng.SuiteRunner.runSequentially(SuiteRunner.java:343)
	at org.testng.SuiteRunner.privateRun(SuiteRunner.java:305)
	at org.testng.SuiteRunner.run(SuiteRunner.java:254)
	at org.testng.SuiteRunnerWorker.runSuite(SuiteRunnerWorker.java:52)
	at org.testng.SuiteRunnerWorker.run(SuiteRunnerWorker.java:86)
	at org.testng.TestNG.runSuitesSequentially(TestNG.java:1224)
	at org.testng.TestNG.runSuitesLocally(TestNG.java:1149)
	at org.testng.TestNG.run(TestNG.java:1057)
	at org.apache.maven.surefire.testng.TestNGExecutor.run(TestNGExecutor.java:217)
	at org.apache.maven.surefire.testng.TestNGXmlTestSuite.execute(TestNGXmlTestSuite.java:84)
	at org.apache.maven.surefire.testng.TestNGProvider.invoke(TestNGProvider.java:92)
	at org.apache.maven.surefire.booter.ForkedBooter.invokeProviderInSameClassLoader(ForkedBooter.java:200)
	at org.apache.maven.surefire.booter.ForkedBooter.runSuitesInProcess(ForkedBooter.java:153)
	at org.apache.maven.surefire.booter.ForkedBooter.main(ForkedBooter.java:103)
]]>
            </full-stacktrace>
          </exception> <!-- java.lang.NullPointerException -->
          <reporter-output>
          </reporter-output>
        </test-method> <!-- closeBrowser -->
      </class> <!-- ua.com.rozetka.tests.Checkout -->
    </test> <!-- Checkout -->
  </suite> <!-- LessonFive_Rozetka -->
</testng-results>
