<?xml version="1.0" encoding="UTF-8"?>
<!-- Generated by org.testng.reporters.JUnitXMLReporter -->
<testsuite hostname="PravinAdmin" name="Checkout" tests="1" failures="1" timestamp="10 Jan 2015 19:28:49 GMT" time="72.354" errors="0">
  <testcase name="checkoutPositive" time="56.171" classname="ua.com.rozetka.tests.Checkout">
    <failure type="java.lang.AssertionError" message="Couldn&amp;apos;t add to cart product Apple MacBook Pro expected [true] but found [false]">
      <![CDATA[java.lang.AssertionError: Couldn't add to cart product Apple MacBook Pro expected [true] but found [false]
	at ua.com.rozetka.utils.Checker.failTest(Checker.java:50)
	at ua.com.rozetka.pages.SearchResultsPage.addToCart(SearchResultsPage.java:67)
	at ua.com.rozetka.tests.Checkout.checkoutPositive(Checkout.java:26)
... Removed 27 stack frames]]>
    </failure>
  </testcase> <!-- checkoutPositive -->
</testsuite> <!-- Checkout -->
