<?xml version="1.0" encoding="UTF-8"?>
<!-- Generated by org.testng.reporters.JUnitXMLReporter -->
<testsuite hostname="PravinAdmin" name="Search" tests="3" failures="1" timestamp="11 Jan 2015 10:03:51 GMT" time="66.182" errors="0">
  <testcase name="searchQueryRemainsInSearchBoxTest" time="5.604" classname="ua.com.rozetka.tests.Search">
    <failure type="org.openqa.selenium.InvalidSelectorException" message="The xpath expression &amp;apos;//div[@class=&amp;apos;search-result-goods&amp;apos;]&amp;apos; cannot be evaluated or does notresult in a WebElement (WARNING: The server did not provide any stacktrace information)
Command duration or timeout: 3.24 seconds
For documentation on this error, please visit: http://seleniumhq.org/exceptions/invalid_selector_exception.html
Build info: version: &amp;apos;2.42.0&amp;apos;, revision: &amp;apos;5e824302019c86eae9c8c3ca9155e7307b410cf8&amp;apos;, time: &amp;apos;2014-05-24 09:48:41&amp;apos;
System info: host: &amp;apos;PravinAdmin&amp;apos;, ip: &amp;apos;192.168.0.100&amp;apos;, os.name: &amp;apos;Windows 8&amp;apos;, os.arch: &amp;apos;amd64&amp;apos;, os.version: &amp;apos;6.2&amp;apos;, java.version: &amp;apos;1.7.0_10&amp;apos;
Session ID: d03fc5e4-ff6d-4ee6-a518-98c1c68e5349
Driver info: org.openqa.selenium.ie.InternetExplorerDriver
Capabilities [{platform=WINDOWS, elementScrollBehavior=0, javascriptEnabled=true, enablePersistentHover=true, ignoreZoomSetting=false, browserName=internet explorer, enableElementCacheCleanup=true, unexpectedAlertBehaviour=dismiss, version=10, cssSelectorsEnabled=true, ignoreProtectedModeSettings=false, requireWindowFocus=false, allowAsynchronousJavaScript=false, initialBrowserUrl=, handlesAlerts=true, nativeEvents=true, takesScreenshot=true}]">
      <![CDATA[org.openqa.selenium.InvalidSelectorException: The xpath expression '//div[@class='search-result-goods']' cannot be evaluated or does notresult in a WebElement (WARNING: The server did not provide any stacktrace information)
Command duration or timeout: 3.24 seconds
For documentation on this error, please visit: http://seleniumhq.org/exceptions/invalid_selector_exception.html
Build info: version: '2.42.0', revision: '5e824302019c86eae9c8c3ca9155e7307b410cf8', time: '2014-05-24 09:48:41'
System info: host: 'PravinAdmin', ip: '192.168.0.100', os.name: 'Windows 8', os.arch: 'amd64', os.version: '6.2', java.version: '1.7.0_10'
Session ID: d03fc5e4-ff6d-4ee6-a518-98c1c68e5349
Driver info: org.openqa.selenium.ie.InternetExplorerDriver
Capabilities [{platform=WINDOWS, elementScrollBehavior=0, javascriptEnabled=true, enablePersistentHover=true, ignoreZoomSetting=false, browserName=internet explorer, enableElementCacheCleanup=true, unexpectedAlertBehaviour=dismiss, version=10, cssSelectorsEnabled=true, ignoreProtectedModeSettings=false, requireWindowFocus=false, allowAsynchronousJavaScript=false, initialBrowserUrl=, handlesAlerts=true, nativeEvents=true, takesScreenshot=true}]
	at org.openqa.selenium.remote.ErrorHandler.createThrowable(ErrorHandler.java:193)
	at org.openqa.selenium.remote.ErrorHandler.throwIfResponseFailed(ErrorHandler.java:145)
	at org.openqa.selenium.remote.RemoteWebDriver.execute(RemoteWebDriver.java:596)
	at org.openqa.selenium.remote.RemoteWebDriver.findElement(RemoteWebDriver.java:349)
	at org.openqa.selenium.remote.RemoteWebDriver.findElementByXPath(RemoteWebDriver.java:446)
	at org.openqa.selenium.By$ByXPath.findElement(By.java:357)
	at org.openqa.selenium.remote.RemoteWebDriver.findElement(RemoteWebDriver.java:341)
	at ua.com.rozetka.utils.Browser.findElement(Browser.java:99)
	at ua.com.rozetka.pages.SearchResultsPage.searchBoxContainsSearchQuery(SearchResultsPage.java:19)
	at ua.com.rozetka.tests.Search.searchQueryRemainsInSearchBoxTest(Search.java:13)
... Removed 31 stack frames]]>
    </failure>
  </testcase> <!-- searchQueryRemainsInSearchBoxTest -->
  <testcase name="searchResultsContainSearchProductTest" time="5.105" classname="ua.com.rozetka.tests.Search"/>
  <testcase name="searchResultsForContainsSearchQuery" time="7.204" classname="ua.com.rozetka.tests.Search"/>
</testsuite> <!-- Search -->
